<?xml version="1.0" encoding="UTF-8"?>
<!-- Generated by org.testng.reporters.JUnitXMLReporter -->
<testsuite hostname="Crowley.local" name="by.skakun.carrentalsystem.logic.PasswordHashingTest" tests="1" failures="0" timestamp="21 Aug 2014 22:22:57 GMT" time="0.004" errors="0">
  <testcase name="testGetHashValue on testGetHashValue(by.skakun.carrentalsystem.logic.PasswordHashingTest)" time="0.002" classname="by.skakun.carrentalsystem.logic.PasswordHashingTest"/>
</testsuite> <!-- by.skakun.carrentalsystem.logic.PasswordHashingTest -->
